[==========] Running 340 tests from 1 test suite.
[----------] Global test environment set-up.
[----------] 340 tests from AllConfiguredCountries/GlobalizationMatrixTest
[ RUN      ] AllConfiguredCountries/GlobalizationMatrixTest.NumericRoundTripAndBoundaryValidation/0
[       OK ] AllConfiguredCountries/GlobalizationMatrixTest.NumericRoundTripAndBoundaryValidation/0 (2 ms)
[ RUN      ] AllConfiguredCountries/GlobalizationMatrixTest.NumericRoundTripAndBoundaryValidation/1
[       OK ] AllConfiguredCountries/GlobalizationMatrixTest.NumericRoundTripAndBoundaryValidation/1 (0 ms)
[ RUN      ] AllConfiguredCountries/GlobalizationMatrixTest.NumericRoundTripAndBoundaryValidation/2
[       OK ] AllConfiguredCountries/GlobalizationMatrixTest.NumericRoundTripAndBoundaryValidation/2 (0 ms)
[ RUN      ] AllConfiguredCountries/GlobalizationMatrixTest.NumericRoundTripAndBoundaryValidation/3
[       OK ] AllConfiguredCountries/GlobalizationMatrixTest.NumericRoundTripAndBoundaryValidation/3 (0 ms)
[ RUN      ] AllConfiguredCountries/GlobalizationMatrixTest.NumericRoundTripAndBoundaryValidation/4
[       OK ] AllConfiguredCountries/GlobalizationMatrixTest.NumericRoundTripAndBoundaryValidation/4 (0 ms)
[ RUN      ] AllConfiguredCountries/GlobalizationMatrixTest.NumericRoundTripAndBoundaryValidation/5
[       OK ] AllConfiguredCountries/GlobalizationMatrixTest.NumericRoundTripAndBoundaryValidation/5 (0 ms)
[ RUN      ] AllConfiguredCountries/GlobalizationMatrixTest.NumericRoundTripAndBoundaryValidation/6
[       OK ] AllConfiguredCountries/GlobalizationMatrixTest.NumericRoundTripAndBoundaryValidation/6 (0 ms)
[ RUN      ] AllConfiguredCountries/GlobalizationMatrixTest.NumericRoundTripAndBoundaryValidation/7
[       OK ] AllConfiguredCountries/GlobalizationMatrixTest.NumericRoundTripAndBoundaryValidation/7 (0 ms)
[ RUN      ] AllConfiguredCountries/GlobalizationMatrixTest.NumericRoundTripAndBoundaryValidation/8
[       OK ] AllConfiguredCountries/GlobalizationMatrixTest.NumericRoundTripAndBoundaryValidation/8 (0 ms)
[ RUN      ] AllConfiguredCountries/GlobalizationMatrixTest.NumericRoundTripAndBoundaryValidation/9
[       OK ] AllConfiguredCountries/GlobalizationMatrixTest.NumericRoundTripAndBoundaryValidation/9 (0 ms)
[ RUN      ] AllConfiguredCountries/GlobalizationMatrixTest.NumericRoundTripAndBoundaryValidation/10
[       OK ] AllConfiguredCountries/GlobalizationMatrixTest.NumericRoundTripAndBoundaryValidation/10 (0 ms)
[ RUN      ] AllConfiguredCountries/GlobalizationMatrixTest.NumericRoundTripAndBoundaryValidation/11
[       OK ] AllConfiguredCountries/GlobalizationMatrixTest.NumericRoundTripAndBoundaryValidation/11 (0 ms)
[ RUN      ] AllConfiguredCountries/GlobalizationMatrixTest.NumericRoundTripAndBoundaryValidation/12
[       OK ] AllConfiguredCountries/GlobalizationMatrixTest.NumericRoundTripAndBoundaryValidation/12 (0 ms)
[ RUN      ] AllConfiguredCountries/GlobalizationMatrixTest.NumericRoundTripAndBoundaryValidation/13
[       OK ] AllConfiguredCountries/GlobalizationMatrixTest.NumericRoundTripAndBoundaryValidation/13 (0 ms)
[ RUN      ] AllConfiguredCountries/GlobalizationMatrixTest.NumericRoundTripAndBoundaryValidation/14
[       OK ] AllConfiguredCountries/GlobalizationMatrixTest.NumericRoundTripAndBoundaryValidation/14 (0 ms)
[ RUN      ] AllConfiguredCountries/GlobalizationMatrixTest.NumericRoundTripAndBoundaryValidation/15
[       OK ] AllConfiguredCountries/GlobalizationMatrixTest.NumericRoundTripAndBoundaryValidation/15 (0 ms)
[ RUN      ] AllConfiguredCountries/GlobalizationMatrixTest.NumericRoundTripAndBoundaryValidation/16
[       OK ] AllConfiguredCountries/GlobalizationMatrixTest.NumericRoundTripAndBoundaryValidation/16 (0 ms)
[ RUN      ] AllConfiguredCountries/GlobalizationMatrixTest.NumericRoundTripAndBoundaryValidation/17
[       OK ] AllConfiguredCountries/GlobalizationMatrixTest.NumericRoundTripAndBoundaryValidation/17 (0 ms)
[ RUN      ] AllConfiguredCountries/GlobalizationMatrixTest.NumericRoundTripAndBoundaryValidation/18
[       OK ] AllConfiguredCountries/GlobalizationMatrixTest.NumericRoundTripAndBoundaryValidation/18 (0 ms)
[ RUN      ] AllConfiguredCountries/GlobalizationMatrixTest.NumericRoundTripAndBoundaryValidation/19
[       OK ] AllConfiguredCountries/GlobalizationMatrixTest.NumericRoundTripAndBoundaryValidation/19 (0 ms)
[ RUN      ] AllConfiguredCountries/GlobalizationMatrixTest.NumericRoundTripAndBoundaryValidation/20
[       OK ] AllConfiguredCountries/GlobalizationMatrixTest.NumericRoundTripAndBoundaryValidation/20 (0 ms)
[ RUN      ] AllConfiguredCountries/GlobalizationMatrixTest.NumericRoundTripAndBoundaryValidation/21
[       OK ] AllConfiguredCountries/GlobalizationMatrixTest.NumericRoundTripAndBoundaryValidation/21 (0 ms)
[ RUN      ] AllConfiguredCountries/GlobalizationMatrixTest.NumericRoundTripAndBoundaryValidation/22
[       OK ] AllConfiguredCountries/GlobalizationMatrixTest.NumericRoundTripAndBoundaryValidation/22 (0 ms)
[ RUN      ] AllConfiguredCountries/GlobalizationMatrixTest.NumericRoundTripAndBoundaryValidation/23
[       OK ] AllConfiguredCountries/GlobalizationMatrixTest.NumericRoundTripAndBoundaryValidation/23 (0 ms)
[ RUN      ] AllConfiguredCountries/GlobalizationMatrixTest.NumericRoundTripAndBoundaryValidation/24
[       OK ] AllConfiguredCountries/GlobalizationMatrixTest.NumericRoundTripAndBoundaryValidation/24 (0 ms)
[ RUN      ] AllConfiguredCountries/GlobalizationMatrixTest.NumericRoundTripAndBoundaryValidation/25
[       OK ] AllConfiguredCountries/GlobalizationMatrixTest.NumericRoundTripAndBoundaryValidation/25 (0 ms)
[ RUN      ] AllConfiguredCountries/GlobalizationMatrixTest.NumericRoundTripAndBoundaryValidation/26
[       OK ] AllConfiguredCountries/GlobalizationMatrixTest.NumericRoundTripAndBoundaryValidation/26 (0 ms)
[ RUN      ] AllConfiguredCountries/GlobalizationMatrixTest.NumericRoundTripAndBoundaryValidation/27
[       OK ] AllConfiguredCountries/GlobalizationMatrixTest.NumericRoundTripAndBoundaryValidation/27 (0 ms)
[ RUN      ] AllConfiguredCountries/GlobalizationMatrixTest.NumericRoundTripAndBoundaryValidation/28
[       OK ] AllConfiguredCountries/GlobalizationMatrixTest.NumericRoundTripAndBoundaryValidation/28 (0 ms)
[ RUN      ] AllConfiguredCountries/GlobalizationMatrixTest.NumericRoundTripAndBoundaryValidation/29
[       OK ] AllConfiguredCountries/GlobalizationMatrixTest.NumericRoundTripAndBoundaryValidation/29 (0 ms)
[ RUN      ] AllConfiguredCountries/GlobalizationMatrixTest.NumericRoundTripAndBoundaryValidation/30
[       OK ] AllConfiguredCountries/GlobalizationMatrixTest.NumericRoundTripAndBoundaryValidation/30 (0 ms)
[ RUN      ] AllConfiguredCountries/GlobalizationMatrixTest.NumericRoundTripAndBoundaryValidation/31
[       OK ] AllConfiguredCountries/GlobalizationMatrixTest.NumericRoundTripAndBoundaryValidation/31 (0 ms)
[ RUN      ] AllConfiguredCountries/GlobalizationMatrixTest.NumericRoundTripAndBoundaryValidation/32
[       OK ] AllConfiguredCountries/GlobalizationMatrixTest.NumericRoundTripAndBoundaryValidation/32 (0 ms)
[ RUN      ] AllConfiguredCountries/GlobalizationMatrixTest.NumericRoundTripAndBoundaryValidation/33
[       OK ] AllConfiguredCountries/GlobalizationMatrixTest.NumericRoundTripAndBoundaryValidation/33 (0 ms)
[ RUN      ] AllConfiguredCountries/GlobalizationMatrixTest.NumericRoundTripAndBoundaryValidation/34
[       OK ] AllConfiguredCountries/GlobalizationMatrixTest.NumericRoundTripAndBoundaryValidation/34 (0 ms)
[ RUN      ] AllConfiguredCountries/GlobalizationMatrixTest.NumericRoundTripAndBoundaryValidation/35
[       OK ] AllConfiguredCountries/GlobalizationMatrixTest.NumericRoundTripAndBoundaryValidation/35 (0 ms)
[ RUN      ] AllConfiguredCountries/GlobalizationMatrixTest.NumericRoundTripAndBoundaryValidation/36
[       OK ] AllConfiguredCountries/GlobalizationMatrixTest.NumericRoundTripAndBoundaryValidation/36 (0 ms)
[ RUN      ] AllConfiguredCountries/GlobalizationMatrixTest.NumericRoundTripAndBoundaryValidation/37
[       OK ] AllConfiguredCountries/GlobalizationMatrixTest.NumericRoundTripAndBoundaryValidation/37 (0 ms)
[ RUN      ] AllConfiguredCountries/GlobalizationMatrixTest.NumericRoundTripAndBoundaryValidation/38
[       OK ] AllConfiguredCountries/GlobalizationMatrixTest.NumericRoundTripAndBoundaryValidation/38 (0 ms)
[ RUN      ] AllConfiguredCountries/GlobalizationMatrixTest.NumericRoundTripAndBoundaryValidation/39
[       OK ] AllConfiguredCountries/GlobalizationMatrixTest.NumericRoundTripAndBoundaryValidation/39 (0 ms)
[ RUN      ] AllConfiguredCountries/GlobalizationMatrixTest.NumericRoundTripAndBoundaryValidation/40
[       OK ] AllConfiguredCountries/GlobalizationMatrixTest.NumericRoundTripAndBoundaryValidation/40 (0 ms)
[ RUN      ] AllConfiguredCountries/GlobalizationMatrixTest.NumericRoundTripAndBoundaryValidation/41
[       OK ] AllConfiguredCountries/GlobalizationMatrixTest.NumericRoundTripAndBoundaryValidation/41 (0 ms)
[ RUN      ] AllConfiguredCountries/GlobalizationMatrixTest.NumericRoundTripAndBoundaryValidation/42
[       OK ] AllConfiguredCountries/GlobalizationMatrixTest.NumericRoundTripAndBoundaryValidation/42 (0 ms)
[ RUN      ] AllConfiguredCountries/GlobalizationMatrixTest.NumericRoundTripAndBoundaryValidation/43
[       OK ] AllConfiguredCountries/GlobalizationMatrixTest.NumericRoundTripAndBoundaryValidation/43 (0 ms)
[ RUN      ] AllConfiguredCountries/GlobalizationMatrixTest.NumericRoundTripAndBoundaryValidation/44
[       OK ] AllConfiguredCountries/GlobalizationMatrixTest.NumericRoundTripAndBoundaryValidation/44 (0 ms)
[ RUN      ] AllConfiguredCountries/GlobalizationMatrixTest.NumericRoundTripAndBoundaryValidation/45
[       OK ] AllConfiguredCountries/GlobalizationMatrixTest.NumericRoundTripAndBoundaryValidation/45 (0 ms)
[ RUN      ] AllConfiguredCountries/GlobalizationMatrixTest.NumericRoundTripAndBoundaryValidation/46
[       OK ] AllConfiguredCountries/GlobalizationMatrixTest.NumericRoundTripAndBoundaryValidation/46 (0 ms)
[ RUN      ] AllConfiguredCountries/GlobalizationMatrixTest.NumericRoundTripAndBoundaryValidation/47
[       OK ] AllConfiguredCountries/GlobalizationMatrixTest.NumericRoundTripAndBoundaryValidation/47 (0 ms)
[ RUN      ] AllConfiguredCountries/GlobalizationMatrixTest.NumericRoundTripAndBoundaryValidation/48
[       OK ] AllConfiguredCountries/GlobalizationMatrixTest.NumericRoundTripAndBoundaryValidation/48 (0 ms)
[ RUN      ] AllConfiguredCountries/GlobalizationMatrixTest.NumericRoundTripAndBoundaryValidation/49
[       OK ] AllConfiguredCountries/GlobalizationMatrixTest.NumericRoundTripAndBoundaryValidation/49 (0 ms)
[ RUN      ] AllConfiguredCountries/GlobalizationMatrixTest.NumericRoundTripAndBoundaryValidation/50
[       OK ] AllConfiguredCountries/GlobalizationMatrixTest.NumericRoundTripAndBoundaryValidation/50 (0 ms)
[ RUN      ] AllConfiguredCountries/GlobalizationMatrixTest.NumericRoundTripAndBoundaryValidation/51
[       OK ] AllConfiguredCountries/GlobalizationMatrixTest.NumericRoundTripAndBoundaryValidation/51 (0 ms)
[ RUN      ] AllConfiguredCountries/GlobalizationMatrixTest.NumericRoundTripAndBoundaryValidation/52
[       OK ] AllConfiguredCountries/GlobalizationMatrixTest.NumericRoundTripAndBoundaryValidation/52 (0 ms)
[ RUN      ] AllConfiguredCountries/GlobalizationMatrixTest.NumericRoundTripAndBoundaryValidation/53
[       OK ] AllConfiguredCountries/GlobalizationMatrixTest.NumericRoundTripAndBoundaryValidation/53 (0 ms)
[ RUN      ] AllConfiguredCountries/GlobalizationMatrixTest.NumericRoundTripAndBoundaryValidation/54
[       OK ] AllConfiguredCountries/GlobalizationMatrixTest.NumericRoundTripAndBoundaryValidation/54 (0 ms)
[ RUN      ] AllConfiguredCountries/GlobalizationMatrixTest.NumericRoundTripAndBoundaryValidation/55
[       OK ] AllConfiguredCountries/GlobalizationMatrixTest.NumericRoundTripAndBoundaryValidation/55 (0 ms)
[ RUN      ] AllConfiguredCountries/GlobalizationMatrixTest.NumericRoundTripAndBoundaryValidation/56
[       OK ] AllConfiguredCountries/GlobalizationMatrixTest.NumericRoundTripAndBoundaryValidation/56 (0 ms)
[ RUN      ] AllConfiguredCountries/GlobalizationMatrixTest.NumericRoundTripAndBoundaryValidation/57
[       OK ] AllConfiguredCountries/GlobalizationMatrixTest.NumericRoundTripAndBoundaryValidation/57 (0 ms)
[ RUN      ] AllConfiguredCountries/GlobalizationMatrixTest.NumericRoundTripAndBoundaryValidation/58
[       OK ] AllConfiguredCountries/GlobalizationMatrixTest.NumericRoundTripAndBoundaryValidation/58 (0 ms)
[ RUN      ] AllConfiguredCountries/GlobalizationMatrixTest.NumericRoundTripAndBoundaryValidation/59
[       OK ] AllConfiguredCountries/GlobalizationMatrixTest.NumericRoundTripAndBoundaryValidation/59 (0 ms)
[ RUN      ] AllConfiguredCountries/GlobalizationMatrixTest.NumericRoundTripAndBoundaryValidation/60
[       OK ] AllConfiguredCountries/GlobalizationMatrixTest.NumericRoundTripAndBoundaryValidation/60 (0 ms)
[ RUN      ] AllConfiguredCountries/GlobalizationMatrixTest.NumericRoundTripAndBoundaryValidation/61
[       OK ] AllConfiguredCountries/GlobalizationMatrixTest.NumericRoundTripAndBoundaryValidation/61 (0 ms)
[ RUN      ] AllConfiguredCountries/GlobalizationMatrixTest.NumericRoundTripAndBoundaryValidation/62
[       OK ] AllConfiguredCountries/GlobalizationMatrixTest.NumericRoundTripAndBoundaryValidation/62 (0 ms)
[ RUN      ] AllConfiguredCountries/GlobalizationMatrixTest.NumericRoundTripAndBoundaryValidation/63
[       OK ] AllConfiguredCountries/GlobalizationMatrixTest.NumericRoundTripAndBoundaryValidation/63 (0 ms)
[ RUN      ] AllConfiguredCountries/GlobalizationMatrixTest.NumericRoundTripAndBoundaryValidation/64
[       OK ] AllConfiguredCountries/GlobalizationMatrixTest.NumericRoundTripAndBoundaryValidation/64 (0 ms)
[ RUN      ] AllConfiguredCountries/GlobalizationMatrixTest.NumericRoundTripAndBoundaryValidation/65
[       OK ] AllConfiguredCountries/GlobalizationMatrixTest.NumericRoundTripAndBoundaryValidation/65 (0 ms)
[ RUN      ] AllConfiguredCountries/GlobalizationMatrixTest.NumericRoundTripAndBoundaryValidation/66
[       OK ] AllConfiguredCountries/GlobalizationMatrixTest.NumericRoundTripAndBoundaryValidation/66 (0 ms)
[ RUN      ] AllConfiguredCountries/GlobalizationMatrixTest.NumericRoundTripAndBoundaryValidation/67
[       OK ] AllConfiguredCountries/GlobalizationMatrixTest.NumericRoundTripAndBoundaryValidation/67 (0 ms)
[ RUN      ] AllConfiguredCountries/GlobalizationMatrixTest.NumericParserNegativeTesting/0
[       OK ] AllConfiguredCountries/GlobalizationMatrixTest.NumericParserNegativeTesting/0 (0 ms)
[ RUN      ] AllConfiguredCountries/GlobalizationMatrixTest.NumericParserNegativeTesting/1
[       OK ] AllConfiguredCountries/GlobalizationMatrixTest.NumericParserNegativeTesting/1 (0 ms)
[ RUN      ] AllConfiguredCountries/GlobalizationMatrixTest.NumericParserNegativeTesting/2
[       OK ] AllConfiguredCountries/GlobalizationMatrixTest.NumericParserNegativeTesting/2 (0 ms)
[ RUN      ] AllConfiguredCountries/GlobalizationMatrixTest.NumericParserNegativeTesting/3
[       OK ] AllConfiguredCountries/GlobalizationMatrixTest.NumericParserNegativeTesting/3 (0 ms)
[ RUN      ] AllConfiguredCountries/GlobalizationMatrixTest.NumericParserNegativeTesting/4
[       OK ] AllConfiguredCountries/GlobalizationMatrixTest.NumericParserNegativeTesting/4 (0 ms)
[ RUN      ] AllConfiguredCountries/GlobalizationMatrixTest.NumericParserNegativeTesting/5
[       OK ] AllConfiguredCountries/GlobalizationMatrixTest.NumericParserNegativeTesting/5 (0 ms)
[ RUN      ] AllConfiguredCountries/GlobalizationMatrixTest.NumericParserNegativeTesting/6
[       OK ] AllConfiguredCountries/GlobalizationMatrixTest.NumericParserNegativeTesting/6 (0 ms)
[ RUN      ] AllConfiguredCountries/GlobalizationMatrixTest.NumericParserNegativeTesting/7
[       OK ] AllConfiguredCountries/GlobalizationMatrixTest.NumericParserNegativeTesting/7 (0 ms)
[ RUN      ] AllConfiguredCountries/GlobalizationMatrixTest.NumericParserNegativeTesting/8
[       OK ] AllConfiguredCountries/GlobalizationMatrixTest.NumericParserNegativeTesting/8 (0 ms)
[ RUN      ] AllConfiguredCountries/GlobalizationMatrixTest.NumericParserNegativeTesting/9
[       OK ] AllConfiguredCountries/GlobalizationMatrixTest.NumericParserNegativeTesting/9 (0 ms)
[ RUN      ] AllConfiguredCountries/GlobalizationMatrixTest.NumericParserNegativeTesting/10
[       OK ] AllConfiguredCountries/GlobalizationMatrixTest.NumericParserNegativeTesting/10 (0 ms)
[ RUN      ] AllConfiguredCountries/GlobalizationMatrixTest.NumericParserNegativeTesting/11
[       OK ] AllConfiguredCountries/GlobalizationMatrixTest.NumericParserNegativeTesting/11 (0 ms)
[ RUN      ] AllConfiguredCountries/GlobalizationMatrixTest.NumericParserNegativeTesting/12
[       OK ] AllConfiguredCountries/GlobalizationMatrixTest.NumericParserNegativeTesting/12 (0 ms)
[ RUN      ] AllConfiguredCountries/GlobalizationMatrixTest.NumericParserNegativeTesting/13
[       OK ] AllConfiguredCountries/GlobalizationMatrixTest.NumericParserNegativeTesting/13 (0 ms)
[ RUN      ] AllConfiguredCountries/GlobalizationMatrixTest.NumericParserNegativeTesting/14
[       OK ] AllConfiguredCountries/GlobalizationMatrixTest.NumericParserNegativeTesting/14 (0 ms)
[ RUN      ] AllConfiguredCountries/GlobalizationMatrixTest.NumericParserNegativeTesting/15
[       OK ] AllConfiguredCountries/GlobalizationMatrixTest.NumericParserNegativeTesting/15 (0 ms)
[ RUN      ] AllConfiguredCountries/GlobalizationMatrixTest.NumericParserNegativeTesting/16
[       OK ] AllConfiguredCountries/GlobalizationMatrixTest.NumericParserNegativeTesting/16 (0 ms)
[ RUN      ] AllConfiguredCountries/GlobalizationMatrixTest.NumericParserNegativeTesting/17
[       OK ] AllConfiguredCountries/GlobalizationMatrixTest.NumericParserNegativeTesting/17 (0 ms)
[ RUN      ] AllConfiguredCountries/GlobalizationMatrixTest.NumericParserNegativeTesting/18
[       OK ] AllConfiguredCountries/GlobalizationMatrixTest.NumericParserNegativeTesting/18 (0 ms)
[ RUN      ] AllConfiguredCountries/GlobalizationMatrixTest.NumericParserNegativeTesting/19
[       OK ] AllConfiguredCountries/GlobalizationMatrixTest.NumericParserNegativeTesting/19 (0 ms)
[ RUN      ] AllConfiguredCountries/GlobalizationMatrixTest.NumericParserNegativeTesting/20
[       OK ] AllConfiguredCountries/GlobalizationMatrixTest.NumericParserNegativeTesting/20 (0 ms)
[ RUN      ] AllConfiguredCountries/GlobalizationMatrixTest.NumericParserNegativeTesting/21
[       OK ] AllConfiguredCountries/GlobalizationMatrixTest.NumericParserNegativeTesting/21 (0 ms)
[ RUN      ] AllConfiguredCountries/GlobalizationMatrixTest.NumericParserNegativeTesting/22
[       OK ] AllConfiguredCountries/GlobalizationMatrixTest.NumericParserNegativeTesting/22 (0 ms)
[ RUN      ] AllConfiguredCountries/GlobalizationMatrixTest.NumericParserNegativeTesting/23
[       OK ] AllConfiguredCountries/GlobalizationMatrixTest.NumericParserNegativeTesting/23 (0 ms)
[ RUN      ] AllConfiguredCountries/GlobalizationMatrixTest.NumericParserNegativeTesting/24
[       OK ] AllConfiguredCountries/GlobalizationMatrixTest.NumericParserNegativeTesting/24 (0 ms)
[ RUN      ] AllConfiguredCountries/GlobalizationMatrixTest.NumericParserNegativeTesting/25
[       OK ] AllConfiguredCountries/GlobalizationMatrixTest.NumericParserNegativeTesting/25 (0 ms)
[ RUN      ] AllConfiguredCountries/GlobalizationMatrixTest.NumericParserNegativeTesting/26
[       OK ] AllConfiguredCountries/GlobalizationMatrixTest.NumericParserNegativeTesting/26 (0 ms)
[ RUN      ] AllConfiguredCountries/GlobalizationMatrixTest.NumericParserNegativeTesting/27
[       OK ] AllConfiguredCountries/GlobalizationMatrixTest.NumericParserNegativeTesting/27 (0 ms)
[ RUN      ] AllConfiguredCountries/GlobalizationMatrixTest.NumericParserNegativeTesting/28
[       OK ] AllConfiguredCountries/GlobalizationMatrixTest.NumericParserNegativeTesting/28 (0 ms)
[ RUN      ] AllConfiguredCountries/GlobalizationMatrixTest.NumericParserNegativeTesting/29
[       OK ] AllConfiguredCountries/GlobalizationMatrixTest.NumericParserNegativeTesting/29 (0 ms)
[ RUN      ] AllConfiguredCountries/GlobalizationMatrixTest.NumericParserNegativeTesting/30
[       OK ] AllConfiguredCountries/GlobalizationMatrixTest.NumericParserNegativeTesting/30 (0 ms)
[ RUN      ] AllConfiguredCountries/GlobalizationMatrixTest.NumericParserNegativeTesting/31
[       OK ] AllConfiguredCountries/GlobalizationMatrixTest.NumericParserNegativeTesting/31 (0 ms)
[ RUN      ] AllConfiguredCountries/GlobalizationMatrixTest.NumericParserNegativeTesting/32
[       OK ] AllConfiguredCountries/GlobalizationMatrixTest.NumericParserNegativeTesting/32 (0 ms)
[ RUN      ] AllConfiguredCountries/GlobalizationMatrixTest.NumericParserNegativeTesting/33
[       OK ] AllConfiguredCountries/GlobalizationMatrixTest.NumericParserNegativeTesting/33 (0 ms)
[ RUN      ] AllConfiguredCountries/GlobalizationMatrixTest.NumericParserNegativeTesting/34
[       OK ] AllConfiguredCountries/GlobalizationMatrixTest.NumericParserNegativeTesting/34 (0 ms)
[ RUN      ] AllConfiguredCountries/GlobalizationMatrixTest.NumericParserNegativeTesting/35
[       OK ] AllConfiguredCountries/GlobalizationMatrixTest.NumericParserNegativeTesting/35 (0 ms)
[ RUN      ] AllConfiguredCountries/GlobalizationMatrixTest.NumericParserNegativeTesting/36
[       OK ] AllConfiguredCountries/GlobalizationMatrixTest.NumericParserNegativeTesting/36 (0 ms)
[ RUN      ] AllConfiguredCountries/GlobalizationMatrixTest.NumericParserNegativeTesting/37
[       OK ] AllConfiguredCountries/GlobalizationMatrixTest.NumericParserNegativeTesting/37 (0 ms)
[ RUN      ] AllConfiguredCountries/GlobalizationMatrixTest.NumericParserNegativeTesting/38
[       OK ] AllConfiguredCountries/GlobalizationMatrixTest.NumericParserNegativeTesting/38 (0 ms)
[ RUN      ] AllConfiguredCountries/GlobalizationMatrixTest.NumericParserNegativeTesting/39
[       OK ] AllConfiguredCountries/GlobalizationMatrixTest.NumericParserNegativeTesting/39 (0 ms)
[ RUN      ] AllConfiguredCountries/GlobalizationMatrixTest.NumericParserNegativeTesting/40
[       OK ] AllConfiguredCountries/GlobalizationMatrixTest.NumericParserNegativeTesting/40 (0 ms)
[ RUN      ] AllConfiguredCountries/GlobalizationMatrixTest.NumericParserNegativeTesting/41
[       OK ] AllConfiguredCountries/GlobalizationMatrixTest.NumericParserNegativeTesting/41 (0 ms)
[ RUN      ] AllConfiguredCountries/GlobalizationMatrixTest.NumericParserNegativeTesting/42
[       OK ] AllConfiguredCountries/GlobalizationMatrixTest.NumericParserNegativeTesting/42 (0 ms)
[ RUN      ] AllConfiguredCountries/GlobalizationMatrixTest.NumericParserNegativeTesting/43
[       OK ] AllConfiguredCountries/GlobalizationMatrixTest.NumericParserNegativeTesting/43 (0 ms)
[ RUN      ] AllConfiguredCountries/GlobalizationMatrixTest.NumericParserNegativeTesting/44
[       OK ] AllConfiguredCountries/GlobalizationMatrixTest.NumericParserNegativeTesting/44 (0 ms)
[ RUN      ] AllConfiguredCountries/GlobalizationMatrixTest.NumericParserNegativeTesting/45
[       OK ] AllConfiguredCountries/GlobalizationMatrixTest.NumericParserNegativeTesting/45 (0 ms)
[ RUN      ] AllConfiguredCountries/GlobalizationMatrixTest.NumericParserNegativeTesting/46
[       OK ] AllConfiguredCountries/GlobalizationMatrixTest.NumericParserNegativeTesting/46 (0 ms)
[ RUN      ] AllConfiguredCountries/GlobalizationMatrixTest.NumericParserNegativeTesting/47
[       OK ] AllConfiguredCountries/GlobalizationMatrixTest.NumericParserNegativeTesting/47 (0 ms)
[ RUN      ] AllConfiguredCountries/GlobalizationMatrixTest.NumericParserNegativeTesting/48
[       OK ] AllConfiguredCountries/GlobalizationMatrixTest.NumericParserNegativeTesting/48 (0 ms)
[ RUN      ] AllConfiguredCountries/GlobalizationMatrixTest.NumericParserNegativeTesting/49
[       OK ] AllConfiguredCountries/GlobalizationMatrixTest.NumericParserNegativeTesting/49 (0 ms)
[ RUN      ] AllConfiguredCountries/GlobalizationMatrixTest.NumericParserNegativeTesting/50
[       OK ] AllConfiguredCountries/GlobalizationMatrixTest.NumericParserNegativeTesting/50 (0 ms)
[ RUN      ] AllConfiguredCountries/GlobalizationMatrixTest.NumericParserNegativeTesting/51
[       OK ] AllConfiguredCountries/GlobalizationMatrixTest.NumericParserNegativeTesting/51 (0 ms)
[ RUN      ] AllConfiguredCountries/GlobalizationMatrixTest.NumericParserNegativeTesting/52
[       OK ] AllConfiguredCountries/GlobalizationMatrixTest.NumericParserNegativeTesting/52 (0 ms)
[ RUN      ] AllConfiguredCountries/GlobalizationMatrixTest.NumericParserNegativeTesting/53
[       OK ] AllConfiguredCountries/GlobalizationMatrixTest.NumericParserNegativeTesting/53 (0 ms)
[ RUN      ] AllConfiguredCountries/GlobalizationMatrixTest.NumericParserNegativeTesting/54
[       OK ] AllConfiguredCountries/GlobalizationMatrixTest.NumericParserNegativeTesting/54 (0 ms)
[ RUN      ] AllConfiguredCountries/GlobalizationMatrixTest.NumericParserNegativeTesting/55
[       OK ] AllConfiguredCountries/GlobalizationMatrixTest.NumericParserNegativeTesting/55 (0 ms)
[ RUN      ] AllConfiguredCountries/GlobalizationMatrixTest.NumericParserNegativeTesting/56
[       OK ] AllConfiguredCountries/GlobalizationMatrixTest.NumericParserNegativeTesting/56 (0 ms)
[ RUN      ] AllConfiguredCountries/GlobalizationMatrixTest.NumericParserNegativeTesting/57
[       OK ] AllConfiguredCountries/GlobalizationMatrixTest.NumericParserNegativeTesting/57 (0 ms)
[ RUN      ] AllConfiguredCountries/GlobalizationMatrixTest.NumericParserNegativeTesting/58
[       OK ] AllConfiguredCountries/GlobalizationMatrixTest.NumericParserNegativeTesting/58 (0 ms)
[ RUN      ] AllConfiguredCountries/GlobalizationMatrixTest.NumericParserNegativeTesting/59
[       OK ] AllConfiguredCountries/GlobalizationMatrixTest.NumericParserNegativeTesting/59 (0 ms)
[ RUN      ] AllConfiguredCountries/GlobalizationMatrixTest.NumericParserNegativeTesting/60
[       OK ] AllConfiguredCountries/GlobalizationMatrixTest.NumericParserNegativeTesting/60 (0 ms)
[ RUN      ] AllConfiguredCountries/GlobalizationMatrixTest.NumericParserNegativeTesting/61
[       OK ] AllConfiguredCountries/GlobalizationMatrixTest.NumericParserNegativeTesting/61 (0 ms)
[ RUN      ] AllConfiguredCountries/GlobalizationMatrixTest.NumericParserNegativeTesting/62
[       OK ] AllConfiguredCountries/GlobalizationMatrixTest.NumericParserNegativeTesting/62 (0 ms)
[ RUN      ] AllConfiguredCountries/GlobalizationMatrixTest.NumericParserNegativeTesting/63
[       OK ] AllConfiguredCountries/GlobalizationMatrixTest.NumericParserNegativeTesting/63 (0 ms)
[ RUN      ] AllConfiguredCountries/GlobalizationMatrixTest.NumericParserNegativeTesting/64
[       OK ] AllConfiguredCountries/GlobalizationMatrixTest.NumericParserNegativeTesting/64 (0 ms)
[ RUN      ] AllConfiguredCountries/GlobalizationMatrixTest.NumericParserNegativeTesting/65
[       OK ] AllConfiguredCountries/GlobalizationMatrixTest.NumericParserNegativeTesting/65 (0 ms)
[ RUN      ] AllConfiguredCountries/GlobalizationMatrixTest.NumericParserNegativeTesting/66
[       OK ] AllConfiguredCountries/GlobalizationMatrixTest.NumericParserNegativeTesting/66 (0 ms)
[ RUN      ] AllConfiguredCountries/GlobalizationMatrixTest.NumericParserNegativeTesting/67
[       OK ] AllConfiguredCountries/GlobalizationMatrixTest.NumericParserNegativeTesting/67 (0 ms)
[ RUN      ] AllConfiguredCountries/GlobalizationMatrixTest.CurrencyStrictConsumptionValidation/0
[       OK ] AllConfiguredCountries/GlobalizationMatrixTest.CurrencyStrictConsumptionValidation/0 (0 ms)
[ RUN      ] AllConfiguredCountries/GlobalizationMatrixTest.CurrencyStrictConsumptionValidation/1
[       OK ] AllConfiguredCountries/GlobalizationMatrixTest.CurrencyStrictConsumptionValidation/1 (0 ms)
[ RUN      ] AllConfiguredCountries/GlobalizationMatrixTest.CurrencyStrictConsumptionValidation/2
[       OK ] AllConfiguredCountries/GlobalizationMatrixTest.CurrencyStrictConsumptionValidation/2 (0 ms)
[ RUN      ] AllConfiguredCountries/GlobalizationMatrixTest.CurrencyStrictConsumptionValidation/3
[       OK ] AllConfiguredCountries/GlobalizationMatrixTest.CurrencyStrictConsumptionValidation/3 (0 ms)
[ RUN      ] AllConfiguredCountries/GlobalizationMatrixTest.CurrencyStrictConsumptionValidation/4
[       OK ] AllConfiguredCountries/GlobalizationMatrixTest.CurrencyStrictConsumptionValidation/4 (0 ms)
[ RUN      ] AllConfiguredCountries/GlobalizationMatrixTest.CurrencyStrictConsumptionValidation/5
[       OK ] AllConfiguredCountries/GlobalizationMatrixTest.CurrencyStrictConsumptionValidation/5 (0 ms)
[ RUN      ] AllConfiguredCountries/GlobalizationMatrixTest.CurrencyStrictConsumptionValidation/6
[       OK ] AllConfiguredCountries/GlobalizationMatrixTest.CurrencyStrictConsumptionValidation/6 (0 ms)
[ RUN      ] AllConfiguredCountries/GlobalizationMatrixTest.CurrencyStrictConsumptionValidation/7
[       OK ] AllConfiguredCountries/GlobalizationMatrixTest.CurrencyStrictConsumptionValidation/7 (0 ms)
[ RUN      ] AllConfiguredCountries/GlobalizationMatrixTest.CurrencyStrictConsumptionValidation/8
[       OK ] AllConfiguredCountries/GlobalizationMatrixTest.CurrencyStrictConsumptionValidation/8 (0 ms)
[ RUN      ] AllConfiguredCountries/GlobalizationMatrixTest.CurrencyStrictConsumptionValidation/9
[       OK ] AllConfiguredCountries/GlobalizationMatrixTest.CurrencyStrictConsumptionValidation/9 (0 ms)
[ RUN      ] AllConfiguredCountries/GlobalizationMatrixTest.CurrencyStrictConsumptionValidation/10
[       OK ] AllConfiguredCountries/GlobalizationMatrixTest.CurrencyStrictConsumptionValidation/10 (0 ms)
[ RUN      ] AllConfiguredCountries/GlobalizationMatrixTest.CurrencyStrictConsumptionValidation/11
[       OK ] AllConfiguredCountries/GlobalizationMatrixTest.CurrencyStrictConsumptionValidation/11 (0 ms)
[ RUN      ] AllConfiguredCountries/GlobalizationMatrixTest.CurrencyStrictConsumptionValidation/12
[       OK ] AllConfiguredCountries/GlobalizationMatrixTest.CurrencyStrictConsumptionValidation/12 (0 ms)
[ RUN      ] AllConfiguredCountries/GlobalizationMatrixTest.CurrencyStrictConsumptionValidation/13
[       OK ] AllConfiguredCountries/GlobalizationMatrixTest.CurrencyStrictConsumptionValidation/13 (0 ms)
[ RUN      ] AllConfiguredCountries/GlobalizationMatrixTest.CurrencyStrictConsumptionValidation/14
[       OK ] AllConfiguredCountries/GlobalizationMatrixTest.CurrencyStrictConsumptionValidation/14 (0 ms)
[ RUN      ] AllConfiguredCountries/GlobalizationMatrixTest.CurrencyStrictConsumptionValidation/15
[       OK ] AllConfiguredCountries/GlobalizationMatrixTest.CurrencyStrictConsumptionValidation/15 (0 ms)
[ RUN      ] AllConfiguredCountries/GlobalizationMatrixTest.CurrencyStrictConsumptionValidation/16
[       OK ] AllConfiguredCountries/GlobalizationMatrixTest.CurrencyStrictConsumptionValidation/16 (0 ms)
[ RUN      ] AllConfiguredCountries/GlobalizationMatrixTest.CurrencyStrictConsumptionValidation/17
[       OK ] AllConfiguredCountries/GlobalizationMatrixTest.CurrencyStrictConsumptionValidation/17 (0 ms)
[ RUN      ] AllConfiguredCountries/GlobalizationMatrixTest.CurrencyStrictConsumptionValidation/18
[       OK ] AllConfiguredCountries/GlobalizationMatrixTest.CurrencyStrictConsumptionValidation/18 (0 ms)
[ RUN      ] AllConfiguredCountries/GlobalizationMatrixTest.CurrencyStrictConsumptionValidation/19
[       OK ] AllConfiguredCountries/GlobalizationMatrixTest.CurrencyStrictConsumptionValidation/19 (0 ms)
[ RUN      ] AllConfiguredCountries/GlobalizationMatrixTest.CurrencyStrictConsumptionValidation/20
[       OK ] AllConfiguredCountries/GlobalizationMatrixTest.CurrencyStrictConsumptionValidation/20 (0 ms)
[ RUN      ] AllConfiguredCountries/GlobalizationMatrixTest.CurrencyStrictConsumptionValidation/21
[       OK ] AllConfiguredCountries/GlobalizationMatrixTest.CurrencyStrictConsumptionValidation/21 (0 ms)
[ RUN      ] AllConfiguredCountries/GlobalizationMatrixTest.CurrencyStrictConsumptionValidation/22
[       OK ] AllConfiguredCountries/GlobalizationMatrixTest.CurrencyStrictConsumptionValidation/22 (0 ms)
[ RUN      ] AllConfiguredCountries/GlobalizationMatrixTest.CurrencyStrictConsumptionValidation/23
[       OK ] AllConfiguredCountries/GlobalizationMatrixTest.CurrencyStrictConsumptionValidation/23 (0 ms)
[ RUN      ] AllConfiguredCountries/GlobalizationMatrixTest.CurrencyStrictConsumptionValidation/24
[       OK ] AllConfiguredCountries/GlobalizationMatrixTest.CurrencyStrictConsumptionValidation/24 (0 ms)
[ RUN      ] AllConfiguredCountries/GlobalizationMatrixTest.CurrencyStrictConsumptionValidation/25
[       OK ] AllConfiguredCountries/GlobalizationMatrixTest.CurrencyStrictConsumptionValidation/25 (0 ms)
[ RUN      ] AllConfiguredCountries/GlobalizationMatrixTest.CurrencyStrictConsumptionValidation/26
[       OK ] AllConfiguredCountries/GlobalizationMatrixTest.CurrencyStrictConsumptionValidation/26 (0 ms)
[ RUN      ] AllConfiguredCountries/GlobalizationMatrixTest.CurrencyStrictConsumptionValidation/27
[       OK ] AllConfiguredCountries/GlobalizationMatrixTest.CurrencyStrictConsumptionValidation/27 (0 ms)
[ RUN      ] AllConfiguredCountries/GlobalizationMatrixTest.CurrencyStrictConsumptionValidation/28
[       OK ] AllConfiguredCountries/GlobalizationMatrixTest.CurrencyStrictConsumptionValidation/28 (0 ms)
[ RUN      ] AllConfiguredCountries/GlobalizationMatrixTest.CurrencyStrictConsumptionValidation/29
[       OK ] AllConfiguredCountries/GlobalizationMatrixTest.CurrencyStrictConsumptionValidation/29 (0 ms)
[ RUN      ] AllConfiguredCountries/GlobalizationMatrixTest.CurrencyStrictConsumptionValidation/30
[       OK ] AllConfiguredCountries/GlobalizationMatrixTest.CurrencyStrictConsumptionValidation/30 (0 ms)
[ RUN      ] AllConfiguredCountries/GlobalizationMatrixTest.CurrencyStrictConsumptionValidation/31
[       OK ] AllConfiguredCountries/GlobalizationMatrixTest.CurrencyStrictConsumptionValidation/31 (0 ms)
[ RUN      ] AllConfiguredCountries/GlobalizationMatrixTest.CurrencyStrictConsumptionValidation/32
[       OK ] AllConfiguredCountries/GlobalizationMatrixTest.CurrencyStrictConsumptionValidation/32 (0 ms)
[ RUN      ] AllConfiguredCountries/GlobalizationMatrixTest.CurrencyStrictConsumptionValidation/33
[       OK ] AllConfiguredCountries/GlobalizationMatrixTest.CurrencyStrictConsumptionValidation/33 (0 ms)
[ RUN      ] AllConfiguredCountries/GlobalizationMatrixTest.CurrencyStrictConsumptionValidation/34
[       OK ] AllConfiguredCountries/GlobalizationMatrixTest.CurrencyStrictConsumptionValidation/34 (0 ms)
[ RUN      ] AllConfiguredCountries/GlobalizationMatrixTest.CurrencyStrictConsumptionValidation/35
[       OK ] AllConfiguredCountries/GlobalizationMatrixTest.CurrencyStrictConsumptionValidation/35 (0 ms)
[ RUN      ] AllConfiguredCountries/GlobalizationMatrixTest.CurrencyStrictConsumptionValidation/36
[       OK ] AllConfiguredCountries/GlobalizationMatrixTest.CurrencyStrictConsumptionValidation/36 (0 ms)
[ RUN      ] AllConfiguredCountries/GlobalizationMatrixTest.CurrencyStrictConsumptionValidation/37
[       OK ] AllConfiguredCountries/GlobalizationMatrixTest.CurrencyStrictConsumptionValidation/37 (0 ms)
[ RUN      ] AllConfiguredCountries/GlobalizationMatrixTest.CurrencyStrictConsumptionValidation/38
[       OK ] AllConfiguredCountries/GlobalizationMatrixTest.CurrencyStrictConsumptionValidation/38 (0 ms)
[ RUN      ] AllConfiguredCountries/GlobalizationMatrixTest.CurrencyStrictConsumptionValidation/39
[       OK ] AllConfiguredCountries/GlobalizationMatrixTest.CurrencyStrictConsumptionValidation/39 (0 ms)
[ RUN      ] AllConfiguredCountries/GlobalizationMatrixTest.CurrencyStrictConsumptionValidation/40
[       OK ] AllConfiguredCountries/GlobalizationMatrixTest.CurrencyStrictConsumptionValidation/40 (0 ms)
[ RUN      ] AllConfiguredCountries/GlobalizationMatrixTest.CurrencyStrictConsumptionValidation/41
[       OK ] AllConfiguredCountries/GlobalizationMatrixTest.CurrencyStrictConsumptionValidation/41 (0 ms)
[ RUN      ] AllConfiguredCountries/GlobalizationMatrixTest.CurrencyStrictConsumptionValidation/42
[       OK ] AllConfiguredCountries/GlobalizationMatrixTest.CurrencyStrictConsumptionValidation/42 (0 ms)
[ RUN      ] AllConfiguredCountries/GlobalizationMatrixTest.CurrencyStrictConsumptionValidation/43
[       OK ] AllConfiguredCountries/GlobalizationMatrixTest.CurrencyStrictConsumptionValidation/43 (0 ms)
[ RUN      ] AllConfiguredCountries/GlobalizationMatrixTest.CurrencyStrictConsumptionValidation/44
[       OK ] AllConfiguredCountries/GlobalizationMatrixTest.CurrencyStrictConsumptionValidation/44 (0 ms)
[ RUN      ] AllConfiguredCountries/GlobalizationMatrixTest.CurrencyStrictConsumptionValidation/45
[       OK ] AllConfiguredCountries/GlobalizationMatrixTest.CurrencyStrictConsumptionValidation/45 (0 ms)
[ RUN      ] AllConfiguredCountries/GlobalizationMatrixTest.CurrencyStrictConsumptionValidation/46
[       OK ] AllConfiguredCountries/GlobalizationMatrixTest.CurrencyStrictConsumptionValidation/46 (0 ms)
[ RUN      ] AllConfiguredCountries/GlobalizationMatrixTest.CurrencyStrictConsumptionValidation/47
[       OK ] AllConfiguredCountries/GlobalizationMatrixTest.CurrencyStrictConsumptionValidation/47 (0 ms)
[ RUN      ] AllConfiguredCountries/GlobalizationMatrixTest.CurrencyStrictConsumptionValidation/48
[       OK ] AllConfiguredCountries/GlobalizationMatrixTest.CurrencyStrictConsumptionValidation/48 (0 ms)
[ RUN      ] AllConfiguredCountries/GlobalizationMatrixTest.CurrencyStrictConsumptionValidation/49
[       OK ] AllConfiguredCountries/GlobalizationMatrixTest.CurrencyStrictConsumptionValidation/49 (0 ms)
[ RUN      ] AllConfiguredCountries/GlobalizationMatrixTest.CurrencyStrictConsumptionValidation/50
[       OK ] AllConfiguredCountries/GlobalizationMatrixTest.CurrencyStrictConsumptionValidation/50 (0 ms)
[ RUN      ] AllConfiguredCountries/GlobalizationMatrixTest.CurrencyStrictConsumptionValidation/51
[       OK ] AllConfiguredCountries/GlobalizationMatrixTest.CurrencyStrictConsumptionValidation/51 (0 ms)
[ RUN      ] AllConfiguredCountries/GlobalizationMatrixTest.CurrencyStrictConsumptionValidation/52
[       OK ] AllConfiguredCountries/GlobalizationMatrixTest.CurrencyStrictConsumptionValidation/52 (0 ms)
[ RUN      ] AllConfiguredCountries/GlobalizationMatrixTest.CurrencyStrictConsumptionValidation/53
[       OK ] AllConfiguredCountries/GlobalizationMatrixTest.CurrencyStrictConsumptionValidation/53 (0 ms)
[ RUN      ] AllConfiguredCountries/GlobalizationMatrixTest.CurrencyStrictConsumptionValidation/54
[       OK ] AllConfiguredCountries/GlobalizationMatrixTest.CurrencyStrictConsumptionValidation/54 (0 ms)
[ RUN      ] AllConfiguredCountries/GlobalizationMatrixTest.CurrencyStrictConsumptionValidation/55
[       OK ] AllConfiguredCountries/GlobalizationMatrixTest.CurrencyStrictConsumptionValidation/55 (0 ms)
[ RUN      ] AllConfiguredCountries/GlobalizationMatrixTest.CurrencyStrictConsumptionValidation/56
[       OK ] AllConfiguredCountries/GlobalizationMatrixTest.CurrencyStrictConsumptionValidation/56 (0 ms)
[ RUN      ] AllConfiguredCountries/GlobalizationMatrixTest.CurrencyStrictConsumptionValidation/57
[       OK ] AllConfiguredCountries/GlobalizationMatrixTest.CurrencyStrictConsumptionValidation/57 (0 ms)
[ RUN      ] AllConfiguredCountries/GlobalizationMatrixTest.CurrencyStrictConsumptionValidation/58
[       OK ] AllConfiguredCountries/GlobalizationMatrixTest.CurrencyStrictConsumptionValidation/58 (0 ms)
[ RUN      ] AllConfiguredCountries/GlobalizationMatrixTest.CurrencyStrictConsumptionValidation/59
[       OK ] AllConfiguredCountries/GlobalizationMatrixTest.CurrencyStrictConsumptionValidation/59 (0 ms)
[ RUN      ] AllConfiguredCountries/GlobalizationMatrixTest.CurrencyStrictConsumptionValidation/60
[       OK ] AllConfiguredCountries/GlobalizationMatrixTest.CurrencyStrictConsumptionValidation/60 (0 ms)
[ RUN      ] AllConfiguredCountries/GlobalizationMatrixTest.CurrencyStrictConsumptionValidation/61
[       OK ] AllConfiguredCountries/GlobalizationMatrixTest.CurrencyStrictConsumptionValidation/61 (0 ms)
[ RUN      ] AllConfiguredCountries/GlobalizationMatrixTest.CurrencyStrictConsumptionValidation/62
[       OK ] AllConfiguredCountries/GlobalizationMatrixTest.CurrencyStrictConsumptionValidation/62 (0 ms)
[ RUN      ] AllConfiguredCountries/GlobalizationMatrixTest.CurrencyStrictConsumptionValidation/63
[       OK ] AllConfiguredCountries/GlobalizationMatrixTest.CurrencyStrictConsumptionValidation/63 (0 ms)
[ RUN      ] AllConfiguredCountries/GlobalizationMatrixTest.CurrencyStrictConsumptionValidation/64
[       OK ] AllConfiguredCountries/GlobalizationMatrixTest.CurrencyStrictConsumptionValidation/64 (0 ms)
[ RUN      ] AllConfiguredCountries/GlobalizationMatrixTest.CurrencyStrictConsumptionValidation/65
[       OK ] AllConfiguredCountries/GlobalizationMatrixTest.CurrencyStrictConsumptionValidation/65 (0 ms)
[ RUN      ] AllConfiguredCountries/GlobalizationMatrixTest.CurrencyStrictConsumptionValidation/66
[       OK ] AllConfiguredCountries/GlobalizationMatrixTest.CurrencyStrictConsumptionValidation/66 (0 ms)
[ RUN      ] AllConfiguredCountries/GlobalizationMatrixTest.CurrencyStrictConsumptionValidation/67
[       OK ] AllConfiguredCountries/GlobalizationMatrixTest.CurrencyStrictConsumptionValidation/67 (0 ms)
[ RUN      ] AllConfiguredCountries/GlobalizationMatrixTest.TemporalRoundTripValidation/0
[       OK ] AllConfiguredCountries/GlobalizationMatrixTest.TemporalRoundTripValidation/0 (6 ms)
[ RUN      ] AllConfiguredCountries/GlobalizationMatrixTest.TemporalRoundTripValidation/1
[       OK ] AllConfiguredCountries/GlobalizationMatrixTest.TemporalRoundTripValidation/1 (0 ms)
[ RUN      ] AllConfiguredCountries/GlobalizationMatrixTest.TemporalRoundTripValidation/2
[       OK ] AllConfiguredCountries/GlobalizationMatrixTest.TemporalRoundTripValidation/2 (0 ms)
[ RUN      ] AllConfiguredCountries/GlobalizationMatrixTest.TemporalRoundTripValidation/3
[       OK ] AllConfiguredCountries/GlobalizationMatrixTest.TemporalRoundTripValidation/3 (0 ms)
[ RUN      ] AllConfiguredCountries/GlobalizationMatrixTest.TemporalRoundTripValidation/4
[       OK ] AllConfiguredCountries/GlobalizationMatrixTest.TemporalRoundTripValidation/4 (0 ms)
[ RUN      ] AllConfiguredCountries/GlobalizationMatrixTest.TemporalRoundTripValidation/5
[       OK ] AllConfiguredCountries/GlobalizationMatrixTest.TemporalRoundTripValidation/5 (0 ms)
[ RUN      ] AllConfiguredCountries/GlobalizationMatrixTest.TemporalRoundTripValidation/6
[       OK ] AllConfiguredCountries/GlobalizationMatrixTest.TemporalRoundTripValidation/6 (0 ms)
[ RUN      ] AllConfiguredCountries/GlobalizationMatrixTest.TemporalRoundTripValidation/7
[       OK ] AllConfiguredCountries/GlobalizationMatrixTest.TemporalRoundTripValidation/7 (0 ms)
[ RUN      ] AllConfiguredCountries/GlobalizationMatrixTest.TemporalRoundTripValidation/8
[       OK ] AllConfiguredCountries/GlobalizationMatrixTest.TemporalRoundTripValidation/8 (0 ms)
[ RUN      ] AllConfiguredCountries/GlobalizationMatrixTest.TemporalRoundTripValidation/9
[       OK ] AllConfiguredCountries/GlobalizationMatrixTest.TemporalRoundTripValidation/9 (0 ms)
[ RUN      ] AllConfiguredCountries/GlobalizationMatrixTest.TemporalRoundTripValidation/10
[       OK ] AllConfiguredCountries/GlobalizationMatrixTest.TemporalRoundTripValidation/10 (0 ms)
[ RUN      ] AllConfiguredCountries/GlobalizationMatrixTest.TemporalRoundTripValidation/11
[       OK ] AllConfiguredCountries/GlobalizationMatrixTest.TemporalRoundTripValidation/11 (0 ms)
[ RUN      ] AllConfiguredCountries/GlobalizationMatrixTest.TemporalRoundTripValidation/12
[       OK ] AllConfiguredCountries/GlobalizationMatrixTest.TemporalRoundTripValidation/12 (0 ms)
[ RUN      ] AllConfiguredCountries/GlobalizationMatrixTest.TemporalRoundTripValidation/13
[       OK ] AllConfiguredCountries/GlobalizationMatrixTest.TemporalRoundTripValidation/13 (0 ms)
[ RUN      ] AllConfiguredCountries/GlobalizationMatrixTest.TemporalRoundTripValidation/14
[       OK ] AllConfiguredCountries/GlobalizationMatrixTest.TemporalRoundTripValidation/14 (0 ms)
[ RUN      ] AllConfiguredCountries/GlobalizationMatrixTest.TemporalRoundTripValidation/15
[       OK ] AllConfiguredCountries/GlobalizationMatrixTest.TemporalRoundTripValidation/15 (0 ms)
[ RUN      ] AllConfiguredCountries/GlobalizationMatrixTest.TemporalRoundTripValidation/16
[       OK ] AllConfiguredCountries/GlobalizationMatrixTest.TemporalRoundTripValidation/16 (0 ms)
[ RUN      ] AllConfiguredCountries/GlobalizationMatrixTest.TemporalRoundTripValidation/17
[       OK ] AllConfiguredCountries/GlobalizationMatrixTest.TemporalRoundTripValidation/17 (0 ms)
[ RUN      ] AllConfiguredCountries/GlobalizationMatrixTest.TemporalRoundTripValidation/18
[       OK ] AllConfiguredCountries/GlobalizationMatrixTest.TemporalRoundTripValidation/18 (0 ms)
[ RUN      ] AllConfiguredCountries/GlobalizationMatrixTest.TemporalRoundTripValidation/19
[       OK ] AllConfiguredCountries/GlobalizationMatrixTest.TemporalRoundTripValidation/19 (0 ms)
[ RUN      ] AllConfiguredCountries/GlobalizationMatrixTest.TemporalRoundTripValidation/20
[       OK ] AllConfiguredCountries/GlobalizationMatrixTest.TemporalRoundTripValidation/20 (0 ms)
[ RUN      ] AllConfiguredCountries/GlobalizationMatrixTest.TemporalRoundTripValidation/21
[       OK ] AllConfiguredCountries/GlobalizationMatrixTest.TemporalRoundTripValidation/21 (0 ms)
[ RUN      ] AllConfiguredCountries/GlobalizationMatrixTest.TemporalRoundTripValidation/22
[       OK ] AllConfiguredCountries/GlobalizationMatrixTest.TemporalRoundTripValidation/22 (0 ms)
[ RUN      ] AllConfiguredCountries/GlobalizationMatrixTest.TemporalRoundTripValidation/23
[       OK ] AllConfiguredCountries/GlobalizationMatrixTest.TemporalRoundTripValidation/23 (0 ms)
[ RUN      ] AllConfiguredCountries/GlobalizationMatrixTest.TemporalRoundTripValidation/24
[       OK ] AllConfiguredCountries/GlobalizationMatrixTest.TemporalRoundTripValidation/24 (0 ms)
[ RUN      ] AllConfiguredCountries/GlobalizationMatrixTest.TemporalRoundTripValidation/25
[       OK ] AllConfiguredCountries/GlobalizationMatrixTest.TemporalRoundTripValidation/25 (0 ms)
[ RUN      ] AllConfiguredCountries/GlobalizationMatrixTest.TemporalRoundTripValidation/26
[       OK ] AllConfiguredCountries/GlobalizationMatrixTest.TemporalRoundTripValidation/26 (0 ms)
[ RUN      ] AllConfiguredCountries/GlobalizationMatrixTest.TemporalRoundTripValidation/27
[       OK ] AllConfiguredCountries/GlobalizationMatrixTest.TemporalRoundTripValidation/27 (0 ms)
[ RUN      ] AllConfiguredCountries/GlobalizationMatrixTest.TemporalRoundTripValidation/28
[       OK ] AllConfiguredCountries/GlobalizationMatrixTest.TemporalRoundTripValidation/28 (0 ms)
[ RUN      ] AllConfiguredCountries/GlobalizationMatrixTest.TemporalRoundTripValidation/29
[       OK ] AllConfiguredCountries/GlobalizationMatrixTest.TemporalRoundTripValidation/29 (0 ms)
[ RUN      ] AllConfiguredCountries/GlobalizationMatrixTest.TemporalRoundTripValidation/30
[       OK ] AllConfiguredCountries/GlobalizationMatrixTest.TemporalRoundTripValidation/30 (0 ms)
[ RUN      ] AllConfiguredCountries/GlobalizationMatrixTest.TemporalRoundTripValidation/31
[       OK ] AllConfiguredCountries/GlobalizationMatrixTest.TemporalRoundTripValidation/31 (0 ms)
[ RUN      ] AllConfiguredCountries/GlobalizationMatrixTest.TemporalRoundTripValidation/32
[       OK ] AllConfiguredCountries/GlobalizationMatrixTest.TemporalRoundTripValidation/32 (0 ms)
[ RUN      ] AllConfiguredCountries/GlobalizationMatrixTest.TemporalRoundTripValidation/33
[       OK ] AllConfiguredCountries/GlobalizationMatrixTest.TemporalRoundTripValidation/33 (0 ms)
[ RUN      ] AllConfiguredCountries/GlobalizationMatrixTest.TemporalRoundTripValidation/34
[       OK ] AllConfiguredCountries/GlobalizationMatrixTest.TemporalRoundTripValidation/34 (0 ms)
[ RUN      ] AllConfiguredCountries/GlobalizationMatrixTest.TemporalRoundTripValidation/35
[       OK ] AllConfiguredCountries/GlobalizationMatrixTest.TemporalRoundTripValidation/35 (0 ms)
[ RUN      ] AllConfiguredCountries/GlobalizationMatrixTest.TemporalRoundTripValidation/36
[       OK ] AllConfiguredCountries/GlobalizationMatrixTest.TemporalRoundTripValidation/36 (0 ms)
[ RUN      ] AllConfiguredCountries/GlobalizationMatrixTest.TemporalRoundTripValidation/37
[       OK ] AllConfiguredCountries/GlobalizationMatrixTest.TemporalRoundTripValidation/37 (0 ms)
[ RUN      ] AllConfiguredCountries/GlobalizationMatrixTest.TemporalRoundTripValidation/38
[       OK ] AllConfiguredCountries/GlobalizationMatrixTest.TemporalRoundTripValidation/38 (0 ms)
[ RUN      ] AllConfiguredCountries/GlobalizationMatrixTest.TemporalRoundTripValidation/39
[       OK ] AllConfiguredCountries/GlobalizationMatrixTest.TemporalRoundTripValidation/39 (0 ms)
[ RUN      ] AllConfiguredCountries/GlobalizationMatrixTest.TemporalRoundTripValidation/40
[       OK ] AllConfiguredCountries/GlobalizationMatrixTest.TemporalRoundTripValidation/40 (0 ms)
[ RUN      ] AllConfiguredCountries/GlobalizationMatrixTest.TemporalRoundTripValidation/41
[       OK ] AllConfiguredCountries/GlobalizationMatrixTest.TemporalRoundTripValidation/41 (1 ms)
[ RUN      ] AllConfiguredCountries/GlobalizationMatrixTest.TemporalRoundTripValidation/42
[       OK ] AllConfiguredCountries/GlobalizationMatrixTest.TemporalRoundTripValidation/42 (0 ms)
[ RUN      ] AllConfiguredCountries/GlobalizationMatrixTest.TemporalRoundTripValidation/43
[       OK ] AllConfiguredCountries/GlobalizationMatrixTest.TemporalRoundTripValidation/43 (0 ms)
[ RUN      ] AllConfiguredCountries/GlobalizationMatrixTest.TemporalRoundTripValidation/44
[       OK ] AllConfiguredCountries/GlobalizationMatrixTest.TemporalRoundTripValidation/44 (0 ms)
[ RUN      ] AllConfiguredCountries/GlobalizationMatrixTest.TemporalRoundTripValidation/45
[       OK ] AllConfiguredCountries/GlobalizationMatrixTest.TemporalRoundTripValidation/45 (0 ms)
[ RUN      ] AllConfiguredCountries/GlobalizationMatrixTest.TemporalRoundTripValidation/46
[       OK ] AllConfiguredCountries/GlobalizationMatrixTest.TemporalRoundTripValidation/46 (0 ms)
[ RUN      ] AllConfiguredCountries/GlobalizationMatrixTest.TemporalRoundTripValidation/47
[       OK ] AllConfiguredCountries/GlobalizationMatrixTest.TemporalRoundTripValidation/47 (0 ms)
[ RUN      ] AllConfiguredCountries/GlobalizationMatrixTest.TemporalRoundTripValidation/48
[       OK ] AllConfiguredCountries/GlobalizationMatrixTest.TemporalRoundTripValidation/48 (0 ms)
[ RUN      ] AllConfiguredCountries/GlobalizationMatrixTest.TemporalRoundTripValidation/49
[       OK ] AllConfiguredCountries/GlobalizationMatrixTest.TemporalRoundTripValidation/49 (0 ms)
[ RUN      ] AllConfiguredCountries/GlobalizationMatrixTest.TemporalRoundTripValidation/50
[       OK ] AllConfiguredCountries/GlobalizationMatrixTest.TemporalRoundTripValidation/50 (0 ms)
[ RUN      ] AllConfiguredCountries/GlobalizationMatrixTest.TemporalRoundTripValidation/51
[       OK ] AllConfiguredCountries/GlobalizationMatrixTest.TemporalRoundTripValidation/51 (0 ms)
[ RUN      ] AllConfiguredCountries/GlobalizationMatrixTest.TemporalRoundTripValidation/52
[       OK ] AllConfiguredCountries/GlobalizationMatrixTest.TemporalRoundTripValidation/52 (0 ms)
[ RUN      ] AllConfiguredCountries/GlobalizationMatrixTest.TemporalRoundTripValidation/53
[       OK ] AllConfiguredCountries/GlobalizationMatrixTest.TemporalRoundTripValidation/53 (0 ms)
[ RUN      ] AllConfiguredCountries/GlobalizationMatrixTest.TemporalRoundTripValidation/54
[       OK ] AllConfiguredCountries/GlobalizationMatrixTest.TemporalRoundTripValidation/54 (0 ms)
[ RUN      ] AllConfiguredCountries/GlobalizationMatrixTest.TemporalRoundTripValidation/55
[       OK ] AllConfiguredCountries/GlobalizationMatrixTest.TemporalRoundTripValidation/55 (0 ms)
[ RUN      ] AllConfiguredCountries/GlobalizationMatrixTest.TemporalRoundTripValidation/56
[       OK ] AllConfiguredCountries/GlobalizationMatrixTest.TemporalRoundTripValidation/56 (0 ms)
[ RUN      ] AllConfiguredCountries/GlobalizationMatrixTest.TemporalRoundTripValidation/57
[       OK ] AllConfiguredCountries/GlobalizationMatrixTest.TemporalRoundTripValidation/57 (0 ms)
[ RUN      ] AllConfiguredCountries/GlobalizationMatrixTest.TemporalRoundTripValidation/58
[       OK ] AllConfiguredCountries/GlobalizationMatrixTest.TemporalRoundTripValidation/58 (0 ms)
[ RUN      ] AllConfiguredCountries/GlobalizationMatrixTest.TemporalRoundTripValidation/59
[       OK ] AllConfiguredCountries/GlobalizationMatrixTest.TemporalRoundTripValidation/59 (0 ms)
[ RUN      ] AllConfiguredCountries/GlobalizationMatrixTest.TemporalRoundTripValidation/60
[       OK ] AllConfiguredCountries/GlobalizationMatrixTest.TemporalRoundTripValidation/60 (0 ms)
[ RUN      ] AllConfiguredCountries/GlobalizationMatrixTest.TemporalRoundTripValidation/61
[       OK ] AllConfiguredCountries/GlobalizationMatrixTest.TemporalRoundTripValidation/61 (0 ms)
[ RUN      ] AllConfiguredCountries/GlobalizationMatrixTest.TemporalRoundTripValidation/62
[       OK ] AllConfiguredCountries/GlobalizationMatrixTest.TemporalRoundTripValidation/62 (0 ms)
[ RUN      ] AllConfiguredCountries/GlobalizationMatrixTest.TemporalRoundTripValidation/63
[       OK ] AllConfiguredCountries/GlobalizationMatrixTest.TemporalRoundTripValidation/63 (0 ms)
[ RUN      ] AllConfiguredCountries/GlobalizationMatrixTest.TemporalRoundTripValidation/64
[       OK ] AllConfiguredCountries/GlobalizationMatrixTest.TemporalRoundTripValidation/64 (0 ms)
[ RUN      ] AllConfiguredCountries/GlobalizationMatrixTest.TemporalRoundTripValidation/65
[       OK ] AllConfiguredCountries/GlobalizationMatrixTest.TemporalRoundTripValidation/65 (0 ms)
[ RUN      ] AllConfiguredCountries/GlobalizationMatrixTest.TemporalRoundTripValidation/66
[       OK ] AllConfiguredCountries/GlobalizationMatrixTest.TemporalRoundTripValidation/66 (0 ms)
[ RUN      ] AllConfiguredCountries/GlobalizationMatrixTest.TemporalRoundTripValidation/67
[       OK ] AllConfiguredCountries/GlobalizationMatrixTest.TemporalRoundTripValidation/67 (0 ms)
[ RUN      ] AllConfiguredCountries/GlobalizationMatrixTest.TextExpansionSanityCheck/0
[       OK ] AllConfiguredCountries/GlobalizationMatrixTest.TextExpansionSanityCheck/0 (3 ms)
[ RUN      ] AllConfiguredCountries/GlobalizationMatrixTest.TextExpansionSanityCheck/1
[       OK ] AllConfiguredCountries/GlobalizationMatrixTest.TextExpansionSanityCheck/1 (3 ms)
[ RUN      ] AllConfiguredCountries/GlobalizationMatrixTest.TextExpansionSanityCheck/2
[       OK ] AllConfiguredCountries/GlobalizationMatrixTest.TextExpansionSanityCheck/2 (3 ms)
[ RUN      ] AllConfiguredCountries/GlobalizationMatrixTest.TextExpansionSanityCheck/3
[       OK ] AllConfiguredCountries/GlobalizationMatrixTest.TextExpansionSanityCheck/3 (3 ms)
[ RUN      ] AllConfiguredCountries/GlobalizationMatrixTest.TextExpansionSanityCheck/4
[       OK ] AllConfiguredCountries/GlobalizationMatrixTest.TextExpansionSanityCheck/4 (3 ms)
[ RUN      ] AllConfiguredCountries/GlobalizationMatrixTest.TextExpansionSanityCheck/5
[       OK ] AllConfiguredCountries/GlobalizationMatrixTest.TextExpansionSanityCheck/5 (5 ms)
[ RUN      ] AllConfiguredCountries/GlobalizationMatrixTest.TextExpansionSanityCheck/6
[       OK ] AllConfiguredCountries/GlobalizationMatrixTest.TextExpansionSanityCheck/6 (8 ms)
[ RUN      ] AllConfiguredCountries/GlobalizationMatrixTest.TextExpansionSanityCheck/7
[       OK ] AllConfiguredCountries/GlobalizationMatrixTest.TextExpansionSanityCheck/7 (2 ms)
[ RUN      ] AllConfiguredCountries/GlobalizationMatrixTest.TextExpansionSanityCheck/8
[       OK ] AllConfiguredCountries/GlobalizationMatrixTest.TextExpansionSanityCheck/8 (2 ms)
[ RUN      ] AllConfiguredCountries/GlobalizationMatrixTest.TextExpansionSanityCheck/9
[       OK ] AllConfiguredCountries/GlobalizationMatrixTest.TextExpansionSanityCheck/9 (3 ms)
[ RUN      ] AllConfiguredCountries/GlobalizationMatrixTest.TextExpansionSanityCheck/10
[       OK ] AllConfiguredCountries/GlobalizationMatrixTest.TextExpansionSanityCheck/10 (3 ms)
[ RUN      ] AllConfiguredCountries/GlobalizationMatrixTest.TextExpansionSanityCheck/11
[       OK ] AllConfiguredCountries/GlobalizationMatrixTest.TextExpansionSanityCheck/11 (3 ms)
[ RUN      ] AllConfiguredCountries/GlobalizationMatrixTest.TextExpansionSanityCheck/12
[       OK ] AllConfiguredCountries/GlobalizationMatrixTest.TextExpansionSanityCheck/12 (2 ms)
[ RUN      ] AllConfiguredCountries/GlobalizationMatrixTest.TextExpansionSanityCheck/13
[       OK ] AllConfiguredCountries/GlobalizationMatrixTest.TextExpansionSanityCheck/13 (3 ms)
[ RUN      ] AllConfiguredCountries/GlobalizationMatrixTest.TextExpansionSanityCheck/14
[       OK ] AllConfiguredCountries/GlobalizationMatrixTest.TextExpansionSanityCheck/14 (2 ms)
[ RUN      ] AllConfiguredCountries/GlobalizationMatrixTest.TextExpansionSanityCheck/15
[       OK ] AllConfiguredCountries/GlobalizationMatrixTest.TextExpansionSanityCheck/15 (2 ms)
[ RUN      ] AllConfiguredCountries/GlobalizationMatrixTest.TextExpansionSanityCheck/16
[       OK ] AllConfiguredCountries/GlobalizationMatrixTest.TextExpansionSanityCheck/16 (2 ms)
[ RUN      ] AllConfiguredCountries/GlobalizationMatrixTest.TextExpansionSanityCheck/17
[       OK ] AllConfiguredCountries/GlobalizationMatrixTest.TextExpansionSanityCheck/17 (2 ms)
[ RUN      ] AllConfiguredCountries/GlobalizationMatrixTest.TextExpansionSanityCheck/18
[       OK ] AllConfiguredCountries/GlobalizationMatrixTest.TextExpansionSanityCheck/18 (2 ms)
[ RUN      ] AllConfiguredCountries/GlobalizationMatrixTest.TextExpansionSanityCheck/19
[       OK ] AllConfiguredCountries/GlobalizationMatrixTest.TextExpansionSanityCheck/19 (2 ms)
[ RUN      ] AllConfiguredCountries/GlobalizationMatrixTest.TextExpansionSanityCheck/20
[       OK ] AllConfiguredCountries/GlobalizationMatrixTest.TextExpansionSanityCheck/20 (2 ms)
[ RUN      ] AllConfiguredCountries/GlobalizationMatrixTest.TextExpansionSanityCheck/21
[       OK ] AllConfiguredCountries/GlobalizationMatrixTest.TextExpansionSanityCheck/21 (2 ms)
[ RUN      ] AllConfiguredCountries/GlobalizationMatrixTest.TextExpansionSanityCheck/22
[       OK ] AllConfiguredCountries/GlobalizationMatrixTest.TextExpansionSanityCheck/22 (2 ms)
[ RUN      ] AllConfiguredCountries/GlobalizationMatrixTest.TextExpansionSanityCheck/23
[       OK ] AllConfiguredCountries/GlobalizationMatrixTest.TextExpansionSanityCheck/23 (2 ms)
[ RUN      ] AllConfiguredCountries/GlobalizationMatrixTest.TextExpansionSanityCheck/24
[       OK ] AllConfiguredCountries/GlobalizationMatrixTest.TextExpansionSanityCheck/24 (2 ms)
[ RUN      ] AllConfiguredCountries/GlobalizationMatrixTest.TextExpansionSanityCheck/25
[       OK ] AllConfiguredCountries/GlobalizationMatrixTest.TextExpansionSanityCheck/25 (3 ms)
[ RUN      ] AllConfiguredCountries/GlobalizationMatrixTest.TextExpansionSanityCheck/26
[       OK ] AllConfiguredCountries/GlobalizationMatrixTest.TextExpansionSanityCheck/26 (4 ms)
[ RUN      ] AllConfiguredCountries/GlobalizationMatrixTest.TextExpansionSanityCheck/27
[       OK ] AllConfiguredCountries/GlobalizationMatrixTest.TextExpansionSanityCheck/27 (3 ms)
[ RUN      ] AllConfiguredCountries/GlobalizationMatrixTest.TextExpansionSanityCheck/28
[       OK ] AllConfiguredCountries/GlobalizationMatrixTest.TextExpansionSanityCheck/28 (3 ms)
[ RUN      ] AllConfiguredCountries/GlobalizationMatrixTest.TextExpansionSanityCheck/29
[       OK ] AllConfiguredCountries/GlobalizationMatrixTest.TextExpansionSanityCheck/29 (1 ms)
[ RUN      ] AllConfiguredCountries/GlobalizationMatrixTest.TextExpansionSanityCheck/30
[       OK ] AllConfiguredCountries/GlobalizationMatrixTest.TextExpansionSanityCheck/30 (16 ms)
[ RUN      ] AllConfiguredCountries/GlobalizationMatrixTest.TextExpansionSanityCheck/31
[       OK ] AllConfiguredCountries/GlobalizationMatrixTest.TextExpansionSanityCheck/31 (1 ms)
[ RUN      ] AllConfiguredCountries/GlobalizationMatrixTest.TextExpansionSanityCheck/32
[       OK ] AllConfiguredCountries/GlobalizationMatrixTest.TextExpansionSanityCheck/32 (2 ms)
[ RUN      ] AllConfiguredCountries/GlobalizationMatrixTest.TextExpansionSanityCheck/33
[       OK ] AllConfiguredCountries/GlobalizationMatrixTest.TextExpansionSanityCheck/33 (4 ms)
[ RUN      ] AllConfiguredCountries/GlobalizationMatrixTest.TextExpansionSanityCheck/34
[       OK ] AllConfiguredCountries/GlobalizationMatrixTest.TextExpansionSanityCheck/34 (3 ms)
[ RUN      ] AllConfiguredCountries/GlobalizationMatrixTest.TextExpansionSanityCheck/35
[       OK ] AllConfiguredCountries/GlobalizationMatrixTest.TextExpansionSanityCheck/35 (2 ms)
[ RUN      ] AllConfiguredCountries/GlobalizationMatrixTest.TextExpansionSanityCheck/36
[       OK ] AllConfiguredCountries/GlobalizationMatrixTest.TextExpansionSanityCheck/36 (2 ms)
[ RUN      ] AllConfiguredCountries/GlobalizationMatrixTest.TextExpansionSanityCheck/37
[       OK ] AllConfiguredCountries/GlobalizationMatrixTest.TextExpansionSanityCheck/37 (3 ms)
[ RUN      ] AllConfiguredCountries/GlobalizationMatrixTest.TextExpansionSanityCheck/38
[       OK ] AllConfiguredCountries/GlobalizationMatrixTest.TextExpansionSanityCheck/38 (1 ms)
[ RUN      ] AllConfiguredCountries/GlobalizationMatrixTest.TextExpansionSanityCheck/39
[       OK ] AllConfiguredCountries/GlobalizationMatrixTest.TextExpansionSanityCheck/39 (3 ms)
[ RUN      ] AllConfiguredCountries/GlobalizationMatrixTest.TextExpansionSanityCheck/40
[       OK ] AllConfiguredCountries/GlobalizationMatrixTest.TextExpansionSanityCheck/40 (2 ms)
[ RUN      ] AllConfiguredCountries/GlobalizationMatrixTest.TextExpansionSanityCheck/41
[       OK ] AllConfiguredCountries/GlobalizationMatrixTest.TextExpansionSanityCheck/41 (1 ms)
[ RUN      ] AllConfiguredCountries/GlobalizationMatrixTest.TextExpansionSanityCheck/42
[       OK ] AllConfiguredCountries/GlobalizationMatrixTest.TextExpansionSanityCheck/42 (4 ms)
[ RUN      ] AllConfiguredCountries/GlobalizationMatrixTest.TextExpansionSanityCheck/43
[       OK ] AllConfiguredCountries/GlobalizationMatrixTest.TextExpansionSanityCheck/43 (1 ms)
[ RUN      ] AllConfiguredCountries/GlobalizationMatrixTest.TextExpansionSanityCheck/44
[       OK ] AllConfiguredCountries/GlobalizationMatrixTest.TextExpansionSanityCheck/44 (0 ms)
[ RUN      ] AllConfiguredCountries/GlobalizationMatrixTest.TextExpansionSanityCheck/45
[       OK ] AllConfiguredCountries/GlobalizationMatrixTest.TextExpansionSanityCheck/45 (4 ms)
[ RUN      ] AllConfiguredCountries/GlobalizationMatrixTest.TextExpansionSanityCheck/46
[       OK ] AllConfiguredCountries/GlobalizationMatrixTest.TextExpansionSanityCheck/46 (17 ms)
[ RUN      ] AllConfiguredCountries/GlobalizationMatrixTest.TextExpansionSanityCheck/47
[       OK ] AllConfiguredCountries/GlobalizationMatrixTest.TextExpansionSanityCheck/47 (1 ms)
[ RUN      ] AllConfiguredCountries/GlobalizationMatrixTest.TextExpansionSanityCheck/48
[       OK ] AllConfiguredCountries/GlobalizationMatrixTest.TextExpansionSanityCheck/48 (1 ms)
[ RUN      ] AllConfiguredCountries/GlobalizationMatrixTest.TextExpansionSanityCheck/49
[       OK ] AllConfiguredCountries/GlobalizationMatrixTest.TextExpansionSanityCheck/49 (1 ms)
[ RUN      ] AllConfiguredCountries/GlobalizationMatrixTest.TextExpansionSanityCheck/50
[       OK ] AllConfiguredCountries/GlobalizationMatrixTest.TextExpansionSanityCheck/50 (1 ms)
[ RUN      ] AllConfiguredCountries/GlobalizationMatrixTest.TextExpansionSanityCheck/51
[       OK ] AllConfiguredCountries/GlobalizationMatrixTest.TextExpansionSanityCheck/51 (3 ms)
[ RUN      ] AllConfiguredCountries/GlobalizationMatrixTest.TextExpansionSanityCheck/52
[       OK ] AllConfiguredCountries/GlobalizationMatrixTest.TextExpansionSanityCheck/52 (17 ms)
[ RUN      ] AllConfiguredCountries/GlobalizationMatrixTest.TextExpansionSanityCheck/53
[       OK ] AllConfiguredCountries/GlobalizationMatrixTest.TextExpansionSanityCheck/53 (3 ms)
[ RUN      ] AllConfiguredCountries/GlobalizationMatrixTest.TextExpansionSanityCheck/54
[       OK ] AllConfiguredCountries/GlobalizationMatrixTest.TextExpansionSanityCheck/54 (3 ms)
[ RUN      ] AllConfiguredCountries/GlobalizationMatrixTest.TextExpansionSanityCheck/55
[       OK ] AllConfiguredCountries/GlobalizationMatrixTest.TextExpansionSanityCheck/55 (1 ms)
[ RUN      ] AllConfiguredCountries/GlobalizationMatrixTest.TextExpansionSanityCheck/56
[       OK ] AllConfiguredCountries/GlobalizationMatrixTest.TextExpansionSanityCheck/56 (1 ms)
[ RUN      ] AllConfiguredCountries/GlobalizationMatrixTest.TextExpansionSanityCheck/57
[       OK ] AllConfiguredCountries/GlobalizationMatrixTest.TextExpansionSanityCheck/57 (38 ms)
[ RUN      ] AllConfiguredCountries/GlobalizationMatrixTest.TextExpansionSanityCheck/58
[       OK ] AllConfiguredCountries/GlobalizationMatrixTest.TextExpansionSanityCheck/58 (4 ms)
[ RUN      ] AllConfiguredCountries/GlobalizationMatrixTest.TextExpansionSanityCheck/59
[       OK ] AllConfiguredCountries/GlobalizationMatrixTest.TextExpansionSanityCheck/59 (2 ms)
[ RUN      ] AllConfiguredCountries/GlobalizationMatrixTest.TextExpansionSanityCheck/60
[       OK ] AllConfiguredCountries/GlobalizationMatrixTest.TextExpansionSanityCheck/60 (2 ms)
[ RUN      ] AllConfiguredCountries/GlobalizationMatrixTest.TextExpansionSanityCheck/61
[       OK ] AllConfiguredCountries/GlobalizationMatrixTest.TextExpansionSanityCheck/61 (1 ms)
[ RUN      ] AllConfiguredCountries/GlobalizationMatrixTest.TextExpansionSanityCheck/62
[       OK ] AllConfiguredCountries/GlobalizationMatrixTest.TextExpansionSanityCheck/62 (1 ms)
[ RUN      ] AllConfiguredCountries/GlobalizationMatrixTest.TextExpansionSanityCheck/63
[       OK ] AllConfiguredCountries/GlobalizationMatrixTest.TextExpansionSanityCheck/63 (3 ms)
[ RUN      ] AllConfiguredCountries/GlobalizationMatrixTest.TextExpansionSanityCheck/64
[       OK ] AllConfiguredCountries/GlobalizationMatrixTest.TextExpansionSanityCheck/64 (2 ms)
[ RUN      ] AllConfiguredCountries/GlobalizationMatrixTest.TextExpansionSanityCheck/65
[       OK ] AllConfiguredCountries/GlobalizationMatrixTest.TextExpansionSanityCheck/65 (1 ms)
[ RUN      ] AllConfiguredCountries/GlobalizationMatrixTest.TextExpansionSanityCheck/66
[       OK ] AllConfiguredCountries/GlobalizationMatrixTest.TextExpansionSanityCheck/66 (2 ms)
[ RUN      ] AllConfiguredCountries/GlobalizationMatrixTest.TextExpansionSanityCheck/67
[       OK ] AllConfiguredCountries/GlobalizationMatrixTest.TextExpansionSanityCheck/67 (2 ms)
[----------] 340 tests from AllConfiguredCountries/GlobalizationMatrixTest (362 ms total)

[----------] Global test environment tear-down
[==========] 340 tests from 1 test suite ran. (363 ms total)
[  PASSED  ] 340 tests.
